  [1m[35m (290.4ms)[0m  [1m[35mCREATE DATABASE "reddit_clone_development" ENCODING = 'unicode'[0m
  [1m[35m (118.5ms)[0m  [1m[35mCREATE DATABASE "reddit_clone_test" ENCODING = 'unicode'[0m
Started GET "/" for ::1 at 2022-11-18 11:36:48 -0800
  [1m[35m (36.6ms)[0m  [1m[35mCREATE TABLE "schema_migrations" ("version" character varying NOT NULL PRIMARY KEY)[0m
  [1m[35m (5.0ms)[0m  [1m[35mCREATE TABLE "ar_internal_metadata" ("key" character varying NOT NULL PRIMARY KEY, "value" character varying, "created_at" timestamp(6) NOT NULL, "updated_at" timestamp(6) NOT NULL)[0m
  [1m[36mActiveRecord::SchemaMigration Pluck (1.2ms)[0m  [1m[34mSELECT "schema_migrations"."version" FROM "schema_migrations" ORDER BY "schema_migrations"."version" ASC[0m

ActiveRecord::PendingMigrationError - Migrations are pending. To resolve this issue, run:
        bin/rails db:migrate RAILS_ENV=development
You have 3 pending migrations:
20221118172748_create_users.rb
20221118181420_create_subs.rb
20221118181441_create_posts.rb:

Started POST "/__better_errors/9221121b7a6bde34/variables" for ::1 at 2022-11-18 11:36:49 -0800
  [1m[35m (0.9ms)[0m  [1m[34mSELECT pg_try_advisory_lock(688274183373989625)[0m
  [1m[36mActiveRecord::SchemaMigration Pluck (0.6ms)[0m  [1m[34mSELECT "schema_migrations"."version" FROM "schema_migrations" ORDER BY "schema_migrations"."version" ASC[0m
Migrating to CreateUsers (20221118172748)
  [1m[36mTRANSACTION (0.6ms)[0m  [1m[35mBEGIN[0m
  [1m[35m (9.1ms)[0m  [1m[35mCREATE TABLE "users" ("id" bigserial primary key, "username" character varying NOT NULL, "password_digest" character varying NOT NULL, "session_token" character varying NOT NULL, "created_at" timestamp(6) NOT NULL, "updated_at" timestamp(6) NOT NULL)[0m
  [1m[35m (2.5ms)[0m  [1m[35mCREATE UNIQUE INDEX "index_users_on_username" ON "users" ("username")[0m
  [1m[35m (1.2ms)[0m  [1m[35mCREATE UNIQUE INDEX "index_users_on_session_token" ON "users" ("session_token")[0m
  [1m[36mActiveRecord::SchemaMigration Create (0.7ms)[0m  [1m[32mINSERT INTO "schema_migrations" ("version") VALUES ($1) RETURNING "version"[0m  [["version", "20221118172748"]]
  [1m[36mTRANSACTION (0.9ms)[0m  [1m[35mCOMMIT[0m
Migrating to CreateSubs (20221118181420)
  [1m[36mTRANSACTION (0.5ms)[0m  [1m[35mBEGIN[0m
  [1m[35m (10.5ms)[0m  [1m[35mCREATE TABLE "subs" ("id" bigserial primary key, "title" character varying NOT NULL, "description" character varying, "moderator_id" bigint NOT NULL, "created_at" timestamp(6) NOT NULL, "updated_at" timestamp(6) NOT NULL, CONSTRAINT "fk_rails_290fd73d41"
FOREIGN KEY ("moderator_id")
  REFERENCES "users" ("id")
)[0m
  [1m[35m (1.5ms)[0m  [1m[35mCREATE UNIQUE INDEX "index_subs_on_title" ON "subs" ("title")[0m
  [1m[35m (2.0ms)[0m  [1m[35mCREATE INDEX "index_subs_on_moderator_id" ON "subs" ("moderator_id")[0m
  [1m[36mActiveRecord::SchemaMigration Create (0.4ms)[0m  [1m[32mINSERT INTO "schema_migrations" ("version") VALUES ($1) RETURNING "version"[0m  [["version", "20221118181420"]]
  [1m[36mTRANSACTION (1.8ms)[0m  [1m[35mCOMMIT[0m
Migrating to CreatePosts (20221118181441)
  [1m[36mTRANSACTION (0.5ms)[0m  [1m[35mBEGIN[0m
  [1m[35m (3.5ms)[0m  [1m[35mCREATE TABLE "posts" ("id" bigserial primary key, "title" character varying NOT NULL, "url" character varying, "content" text, "sub_id" bigint NOT NULL, "author_id" bigint NOT NULL, "created_at" timestamp(6) NOT NULL, "updated_at" timestamp(6) NOT NULL, CONSTRAINT "fk_rails_5bdccabcd5"
FOREIGN KEY ("sub_id")
  REFERENCES "subs" ("id")
, CONSTRAINT "fk_rails_04d13ef8c7"
FOREIGN KEY ("author_id")
  REFERENCES "users" ("id")
)[0m
  [1m[35m (1.3ms)[0m  [1m[35mCREATE INDEX "index_posts_on_sub_id" ON "posts" ("sub_id")[0m
  [1m[35m (1.1ms)[0m  [1m[35mCREATE INDEX "index_posts_on_author_id" ON "posts" ("author_id")[0m
  [1m[36mActiveRecord::SchemaMigration Create (1.5ms)[0m  [1m[32mINSERT INTO "schema_migrations" ("version") VALUES ($1) RETURNING "version"[0m  [["version", "20221118181441"]]
  [1m[36mTRANSACTION (1.2ms)[0m  [1m[35mCOMMIT[0m
  [1m[36mActiveRecord::InternalMetadata Load (1.5ms)[0m  [1m[34mSELECT "ar_internal_metadata".* FROM "ar_internal_metadata" WHERE "ar_internal_metadata"."key" = $1 LIMIT $2[0m  [["key", "environment"], ["LIMIT", 1]]
  [1m[36mTRANSACTION (0.5ms)[0m  [1m[35mBEGIN[0m
  [1m[36mActiveRecord::InternalMetadata Create (1.4ms)[0m  [1m[32mINSERT INTO "ar_internal_metadata" ("key", "value", "created_at", "updated_at") VALUES ($1, $2, $3, $4) RETURNING "key"[0m  [["key", "environment"], ["value", "development"], ["created_at", "2022-11-18 19:37:13.443544"], ["updated_at", "2022-11-18 19:37:13.443544"]]
  [1m[36mTRANSACTION (0.5ms)[0m  [1m[35mCOMMIT[0m
  [1m[35m (0.4ms)[0m  [1m[34mSELECT pg_advisory_unlock(688274183373989625)[0m
  [1m[36mActiveRecord::SchemaMigration Pluck (0.9ms)[0m  [1m[34mSELECT "schema_migrations"."version" FROM "schema_migrations" ORDER BY "schema_migrations"."version" ASC[0m
Started GET "/" for ::1 at 2022-11-18 11:37:26 -0800
  [1m[36mActiveRecord::SchemaMigration Pluck (1.2ms)[0m  [1m[34mSELECT "schema_migrations"."version" FROM "schema_migrations" ORDER BY "schema_migrations"."version" ASC[0m
Processing by Rails::WelcomeController#index as HTML
  Rendering /Users/daphnelam/.rbenv/versions/3.1.1/lib/ruby/gems/3.1.0/gems/railties-7.0.4/lib/rails/templates/rails/welcome/index.html.erb
  Rendered /Users/daphnelam/.rbenv/versions/3.1.1/lib/ruby/gems/3.1.0/gems/railties-7.0.4/lib/rails/templates/rails/welcome/index.html.erb (Duration: 5.1ms | Allocations: 528)
Completed 200 OK in 25ms (Views: 12.7ms | ActiveRecord: 0.0ms | Allocations: 2810)


Started GET "/users" for ::1 at 2022-11-18 11:37:34 -0800
Processing by UsersController#index as HTML
Completed 406 Not Acceptable in 23ms (ActiveRecord: 0.0ms | Allocations: 3343)



ActionController::MissingExactTemplate - UsersController#index is missing a template for request formats: text/html:

Started POST "/__better_errors/7d54b0260d3220ea/variables" for ::1 at 2022-11-18 11:37:34 -0800
  [1m[36mUser Load (1.0ms)[0m  [1m[34mSELECT "users".* FROM "users" /* loading for inspect */ LIMIT $1[0m  [["LIMIT", 11]]
  ↳ (eval):72:in `block in render'
Started GET "/users/new" for ::1 at 2022-11-18 11:37:59 -0800
Processing by UsersController#new as HTML
  Rendering layout layouts/application.html.erb
  Rendering users/new.html.erb within layouts/application
  Rendered shared/_form_token.html.erb (Duration: 4.7ms | Allocations: 695)
  Rendered users/new.html.erb within layouts/application (Duration: 6.3ms | Allocations: 1111)
  Rendered layout layouts/application.html.erb (Duration: 83.0ms | Allocations: 7281)
Completed 200 OK in 96ms (Views: 84.9ms | ActiveRecord: 4.2ms | Allocations: 12065)


Started GET "/users/new" for ::1 at 2022-11-18 11:39:06 -0800
Processing by UsersController#new as HTML
  Rendering layout layouts/application.html.erb
  Rendering users/new.html.erb within layouts/application
  Rendered shared/_form_token.html.erb (Duration: 2.6ms | Allocations: 659)
  Rendered users/new.html.erb within layouts/application (Duration: 6.7ms | Allocations: 987)
  [1m[36mUser Load (0.4ms)[0m  [1m[34mSELECT "users".* FROM "users" WHERE "users"."session_token" IS NULL LIMIT $1[0m  [["LIMIT", 1]]
  ↳ app/controllers/application_controller.rb:6:in `current_user'
  Rendered shared/_top_bar.html.erb (Duration: 10.1ms | Allocations: 1973)
  Rendered layout layouts/application.html.erb (Duration: 21.9ms | Allocations: 4360)
Completed 200 OK in 25ms (Views: 23.4ms | ActiveRecord: 0.4ms | Allocations: 5107)


Started GET "/users/new" for ::1 at 2022-11-18 11:39:54 -0800
Processing by UsersController#new as HTML
  Rendering layout layouts/application.html.erb
  Rendering users/new.html.erb within layouts/application
  Rendered shared/_form_token.html.erb (Duration: 2.2ms | Allocations: 607)
  Rendered users/new.html.erb within layouts/application (Duration: 4.0ms | Allocations: 932)
  [1m[36mUser Load (0.5ms)[0m  [1m[34mSELECT "users".* FROM "users" WHERE "users"."session_token" IS NULL LIMIT $1[0m  [["LIMIT", 1]]
  ↳ app/controllers/application_controller.rb:6:in `current_user'
  Rendered shared/_top_bar.html.erb (Duration: 3.2ms | Allocations: 1034)
  Rendered layout layouts/application.html.erb (Duration: 12.7ms | Allocations: 3358)
Completed 200 OK in 15ms (Views: 14.0ms | ActiveRecord: 0.5ms | Allocations: 4118)


Started POST "/users" for ::1 at 2022-11-18 11:42:08 -0800
Processing by UsersController#create as HTML
  Parameters: {"authenticity_token"=>"[FILTERED]", "user"=>{"username"=>"momo", "password"=>"[FILTERED]"}}
Completed 500 Internal Server Error in 5ms (ActiveRecord: 0.0ms | Allocations: 3870)



NameError - uninitialized constant User::BCrypt
        self.password_digest = BCrypt::Password.create(password)
                               ^^^^^^:
  app/models/user.rb:43:in `password='
  app/controllers/users_controller.rb:8:in `create'

Started POST "/__better_errors/c2b0ca8f4a879d59/variables" for ::1 at 2022-11-18 11:42:09 -0800
Started GET "/users/new" for ::1 at 2022-11-18 11:56:02 -0800
Processing by UsersController#new as HTML
  Rendering layout layouts/application.html.erb
  Rendering users/new.html.erb within layouts/application
  Rendered shared/_form_token.html.erb (Duration: 0.8ms | Allocations: 506)
  Rendered users/new.html.erb within layouts/application (Duration: 1.7ms | Allocations: 615)
  [1m[36mUser Load (0.4ms)[0m  [1m[34mSELECT "users".* FROM "users" WHERE "users"."session_token" IS NULL LIMIT $1[0m  [["LIMIT", 1]]
  ↳ app/controllers/application_controller.rb:6:in `current_user'
  Rendered shared/_top_bar.html.erb (Duration: 20.5ms | Allocations: 3826)
  Rendered layout layouts/application.html.erb (Duration: 26.2ms | Allocations: 5552)
Completed 200 OK in 27ms (Views: 26.8ms | ActiveRecord: 10.5ms | Allocations: 5843)


Started GET "/session/new" for ::1 at 2022-11-18 11:56:10 -0800
Processing by SessionsController#new as HTML
  Rendering layout layouts/application.html.erb
  Rendering sessions/new.html.erb within layouts/application
  Rendered shared/_form_token.html.erb (Duration: 1.0ms | Allocations: 554)
  Rendered sessions/new.html.erb within layouts/application (Duration: 2.4ms | Allocations: 833)
  [1m[36mUser Load (0.5ms)[0m  [1m[34mSELECT "users".* FROM "users" WHERE "users"."session_token" IS NULL LIMIT $1[0m  [["LIMIT", 1]]
  ↳ app/controllers/application_controller.rb:6:in `current_user'
  Rendered shared/_top_bar.html.erb (Duration: 3.9ms | Allocations: 893)
  Rendered layout layouts/application.html.erb (Duration: 11.1ms | Allocations: 2904)
Completed 200 OK in 13ms (Views: 12.3ms | ActiveRecord: 0.5ms | Allocations: 3562)


Started POST "/users" for ::1 at 2022-11-18 11:56:20 -0800
Processing by UsersController#create as HTML
  Parameters: {"authenticity_token"=>"[FILTERED]", "user"=>{"username"=>"momo", "password"=>"[FILTERED]"}}
Completed 500 Internal Server Error in 6ms (ActiveRecord: 0.0ms | Allocations: 3611)



NameError - uninitialized constant User::BCrypt
        self.password_digest = BCrypt::Password.create(password)
                               ^^^^^^:
  app/models/user.rb:43:in `password='
  app/controllers/users_controller.rb:8:in `create'

Started POST "/__better_errors/9991be30a8621513/variables" for ::1 at 2022-11-18 11:56:21 -0800
Started POST "/users" for ::1 at 2022-11-18 11:56:52 -0800
  [1m[36mActiveRecord::SchemaMigration Pluck (0.7ms)[0m  [1m[34mSELECT "schema_migrations"."version" FROM "schema_migrations" ORDER BY "schema_migrations"."version" ASC[0m
Processing by UsersController#create as HTML
  Parameters: {"authenticity_token"=>"[FILTERED]", "user"=>{"username"=>"momo", "password"=>"[FILTERED]"}}
  [1m[36mTRANSACTION (0.2ms)[0m  [1m[35mBEGIN[0m
  ↳ app/models/user.rb:60:in `generate_unique_session_token'
  [1m[36mUser Exists? (1.3ms)[0m  [1m[34mSELECT 1 AS one FROM "users" WHERE "users"."session_token" = $1 LIMIT $2[0m  [["session_token", "[FILTERED]"], ["LIMIT", 1]]
  ↳ app/models/user.rb:60:in `generate_unique_session_token'
  [1m[36mUser Exists? (0.5ms)[0m  [1m[34mSELECT 1 AS one FROM "users" WHERE "users"."username" = $1 LIMIT $2[0m  [["username", "momo"], ["LIMIT", 1]]
  ↳ app/controllers/users_controller.rb:10:in `create'
  [1m[36mCACHE User Exists? (0.0ms)[0m  [1m[34mSELECT 1 AS one FROM "users" WHERE "users"."session_token" = $1 LIMIT $2[0m  [["session_token", "[FILTERED]"], ["LIMIT", 1]]
  ↳ app/controllers/users_controller.rb:10:in `create'
  [1m[36mUser Create (4.9ms)[0m  [1m[32mINSERT INTO "users" ("username", "password_digest", "session_token", "created_at", "updated_at") VALUES ($1, $2, $3, $4, $5) RETURNING "id"[0m  [["username", "momo"], ["password_digest", "[FILTERED]"], ["session_token", "[FILTERED]"], ["created_at", "2022-11-18 19:56:52.753887"], ["updated_at", "2022-11-18 19:56:52.753887"]]
  ↳ app/controllers/users_controller.rb:10:in `create'
  [1m[36mTRANSACTION (1.4ms)[0m  [1m[35mCOMMIT[0m
  ↳ app/controllers/users_controller.rb:10:in `create'
  [1m[36mUser Exists? (2.0ms)[0m  [1m[34mSELECT 1 AS one FROM "users" WHERE "users"."session_token" = $1 LIMIT $2[0m  [["session_token", "[FILTERED]"], ["LIMIT", 1]]
  ↳ app/models/user.rb:60:in `generate_unique_session_token'
  [1m[36mTRANSACTION (0.8ms)[0m  [1m[35mBEGIN[0m
  ↳ app/models/user.rb:52:in `reset_session_token!'
  [1m[36mUser Exists? (1.1ms)[0m  [1m[34mSELECT 1 AS one FROM "users" WHERE "users"."username" = $1 AND "users"."id" != $2 LIMIT $3[0m  [["username", "momo"], ["id", 1], ["LIMIT", 1]]
  ↳ app/models/user.rb:52:in `reset_session_token!'
  [1m[36mUser Exists? (0.9ms)[0m  [1m[34mSELECT 1 AS one FROM "users" WHERE "users"."session_token" = $1 AND "users"."id" != $2 LIMIT $3[0m  [["session_token", "[FILTERED]"], ["id", 1], ["LIMIT", 1]]
  ↳ app/models/user.rb:52:in `reset_session_token!'
  [1m[36mUser Update (0.7ms)[0m  [1m[33mUPDATE "users" SET "session_token" = $1, "updated_at" = $2 WHERE "users"."id" = $3[0m  [["session_token", "[FILTERED]"], ["updated_at", "2022-11-18 19:56:52.776520"], ["id", 1]]
  ↳ app/models/user.rb:52:in `reset_session_token!'
  [1m[36mTRANSACTION (1.1ms)[0m  [1m[35mCOMMIT[0m
  ↳ app/models/user.rb:52:in `reset_session_token!'
Redirected to http://localhost:3001/users/1
Completed 302 Found in 355ms (ActiveRecord: 21.5ms | Allocations: 20061)


Started GET "/users/1" for ::1 at 2022-11-18 11:56:52 -0800
Processing by UsersController#show as HTML
  Parameters: {"id"=>"1"}
  [1m[36mUser Load (1.5ms)[0m  [1m[34mSELECT "users".* FROM "users" WHERE "users"."id" = $1 LIMIT $2[0m  [["id", 1], ["LIMIT", 1]]
  ↳ app/controllers/users_controller.rb:20:in `show'
Completed 406 Not Acceptable in 14ms (ActiveRecord: 2.1ms | Allocations: 2705)



ActionController::MissingExactTemplate - UsersController#show is missing a template for request formats: text/html:

Started POST "/__better_errors/3e4661226f1a2795/variables" for ::1 at 2022-11-18 11:56:53 -0800
Started GET "/users/1" for ::1 at 2022-11-18 11:59:12 -0800
Processing by UsersController#show as HTML
  Parameters: {"id"=>"1"}
  [1m[36mUser Load (0.5ms)[0m  [1m[34mSELECT "users".* FROM "users" WHERE "users"."id" = $1 LIMIT $2[0m  [["id", 1], ["LIMIT", 1]]
  ↳ app/controllers/users_controller.rb:20:in `show'
  Rendering layout layouts/application.html.erb
  Rendering users/show.html.erb within layouts/application
  [1m[36mUser Load (0.6ms)[0m  [1m[34mSELECT "users".* FROM "users" WHERE "users"."session_token" = $1 LIMIT $2[0m  [["session_token", "[FILTERED]"], ["LIMIT", 1]]
  ↳ app/controllers/application_controller.rb:6:in `current_user'
  Rendered users/show.html.erb within layouts/application (Duration: 8.0ms | Allocations: 1720)
  Rendered shared/_top_bar.html.erb (Duration: 2.1ms | Allocations: 237)
  Rendered layout layouts/application.html.erb (Duration: 28.8ms | Allocations: 5197)
Completed 200 OK in 46ms (Views: 37.9ms | ActiveRecord: 1.1ms | Allocations: 7776)


Started DELETE "/session" for ::1 at 2022-11-18 11:59:23 -0800
Processing by SessionsController#destroy as HTML
  Parameters: {"authenticity_token"=>"[FILTERED]"}
Completed 500 Internal Server Error in 14ms (ActiveRecord: 0.0ms | Allocations: 6509)



NoMethodError - undefined method `required_logged_in' for #<SessionsController:0x00000000005848>
              target.send(@method_name, &block)
                    ^^^^^
Did you mean?  require_logged_in:

Started POST "/__better_errors/8de5adf835fb6801/variables" for ::1 at 2022-11-18 11:59:23 -0800
Started DELETE "/session" for ::1 at 2022-11-18 12:00:02 -0800
Processing by SessionsController#destroy as HTML
  Parameters: {"authenticity_token"=>"[FILTERED]"}
  [1m[36mUser Load (0.5ms)[0m  [1m[34mSELECT "users".* FROM "users" WHERE "users"."session_token" = $1 LIMIT $2[0m  [["session_token", "[FILTERED]"], ["LIMIT", 1]]
  ↳ app/controllers/application_controller.rb:6:in `current_user'
  [1m[36mUser Exists? (0.6ms)[0m  [1m[34mSELECT 1 AS one FROM "users" WHERE "users"."session_token" = $1 LIMIT $2[0m  [["session_token", "[FILTERED]"], ["LIMIT", 1]]
  ↳ app/models/user.rb:60:in `generate_unique_session_token'
  [1m[36mTRANSACTION (0.6ms)[0m  [1m[35mBEGIN[0m
  ↳ app/models/user.rb:52:in `reset_session_token!'
  [1m[36mUser Exists? (1.3ms)[0m  [1m[34mSELECT 1 AS one FROM "users" WHERE "users"."username" = $1 AND "users"."id" != $2 LIMIT $3[0m  [["username", "momo"], ["id", 1], ["LIMIT", 1]]
  ↳ app/models/user.rb:52:in `reset_session_token!'
  [1m[36mUser Exists? (1.9ms)[0m  [1m[34mSELECT 1 AS one FROM "users" WHERE "users"."session_token" = $1 AND "users"."id" != $2 LIMIT $3[0m  [["session_token", "[FILTERED]"], ["id", 1], ["LIMIT", 1]]
  ↳ app/models/user.rb:52:in `reset_session_token!'
  [1m[36mUser Update (0.8ms)[0m  [1m[33mUPDATE "users" SET "session_token" = $1, "updated_at" = $2 WHERE "users"."id" = $3[0m  [["session_token", "[FILTERED]"], ["updated_at", "2022-11-18 20:00:02.707418"], ["id", 1]]
  ↳ app/models/user.rb:52:in `reset_session_token!'
  [1m[36mTRANSACTION (1.9ms)[0m  [1m[35mCOMMIT[0m
  ↳ app/models/user.rb:52:in `reset_session_token!'
Redirected to http://localhost:3001/session/new
Completed 302 Found in 38ms (ActiveRecord: 12.9ms | Allocations: 9310)


Started GET "/session/new" for ::1 at 2022-11-18 12:00:02 -0800
Processing by SessionsController#new as HTML
  Rendering layout layouts/application.html.erb
  Rendering sessions/new.html.erb within layouts/application
  Rendered shared/_form_token.html.erb (Duration: 1.9ms | Allocations: 620)
  Rendered sessions/new.html.erb within layouts/application (Duration: 3.9ms | Allocations: 953)
  [1m[36mUser Load (0.3ms)[0m  [1m[34mSELECT "users".* FROM "users" WHERE "users"."session_token" IS NULL LIMIT $1[0m  [["LIMIT", 1]]
  ↳ app/controllers/application_controller.rb:6:in `current_user'
  Rendered shared/_top_bar.html.erb (Duration: 6.5ms | Allocations: 922)
  Rendered layout layouts/application.html.erb (Duration: 14.5ms | Allocations: 3053)
Completed 200 OK in 17ms (Views: 16.2ms | ActiveRecord: 0.3ms | Allocations: 3622)


Started POST "/session" for ::1 at 2022-11-18 12:00:10 -0800
Processing by SessionsController#create as HTML
  Parameters: {"authenticity_token"=>"[FILTERED]", "user"=>{"username"=>"momo", "password"=>"[FILTERED]"}}
  [1m[36mUser Load (0.5ms)[0m  [1m[34mSELECT "users".* FROM "users" WHERE "users"."username" = $1 LIMIT $2[0m  [["username", "momo"], ["LIMIT", 1]]
  ↳ app/models/user.rb:33:in `find_by_credentials'
  [1m[36mUser Exists? (0.4ms)[0m  [1m[34mSELECT 1 AS one FROM "users" WHERE "users"."session_token" = $1 LIMIT $2[0m  [["session_token", "[FILTERED]"], ["LIMIT", 1]]
  ↳ app/models/user.rb:60:in `generate_unique_session_token'
  [1m[36mTRANSACTION (0.2ms)[0m  [1m[35mBEGIN[0m
  ↳ app/models/user.rb:52:in `reset_session_token!'
  [1m[36mUser Exists? (0.6ms)[0m  [1m[34mSELECT 1 AS one FROM "users" WHERE "users"."username" = $1 AND "users"."id" != $2 LIMIT $3[0m  [["username", "momo"], ["id", 1], ["LIMIT", 1]]
  ↳ app/models/user.rb:52:in `reset_session_token!'
  [1m[36mUser Exists? (0.6ms)[0m  [1m[34mSELECT 1 AS one FROM "users" WHERE "users"."session_token" = $1 AND "users"."id" != $2 LIMIT $3[0m  [["session_token", "[FILTERED]"], ["id", 1], ["LIMIT", 1]]
  ↳ app/models/user.rb:52:in `reset_session_token!'
  [1m[36mUser Update (0.7ms)[0m  [1m[33mUPDATE "users" SET "session_token" = $1, "updated_at" = $2 WHERE "users"."id" = $3[0m  [["session_token", "[FILTERED]"], ["updated_at", "2022-11-18 20:00:11.027113"], ["id", 1]]
  ↳ app/models/user.rb:52:in `reset_session_token!'
  [1m[36mTRANSACTION (1.3ms)[0m  [1m[35mCOMMIT[0m
  ↳ app/models/user.rb:52:in `reset_session_token!'
Redirected to http://localhost:3001/users
Completed 302 Found in 316ms (ActiveRecord: 4.4ms | Allocations: 5291)


Started GET "/users" for ::1 at 2022-11-18 12:00:11 -0800
Processing by UsersController#index as HTML
Completed 406 Not Acceptable in 1ms (ActiveRecord: 0.0ms | Allocations: 752)



ActionController::MissingExactTemplate - UsersController#index is missing a template for request formats: text/html:

Started POST "/__better_errors/f41fb4b611c6243a/variables" for ::1 at 2022-11-18 12:00:11 -0800
  [1m[36mUser Load (0.7ms)[0m  [1m[34mSELECT "users".* FROM "users" /* loading for inspect */ LIMIT $1[0m  [["LIMIT", 11]]
  ↳ (eval):72:in `block in render'
Started GET "/session/new" for ::1 at 2022-11-18 12:01:33 -0800
Processing by SessionsController#new as HTML
  Rendering layout layouts/application.html.erb
  Rendering sessions/new.html.erb within layouts/application
  Rendered shared/_form_token.html.erb (Duration: 1.1ms | Allocations: 540)
  Rendered sessions/new.html.erb within layouts/application (Duration: 1.8ms | Allocations: 681)
  [1m[36mUser Load (1.1ms)[0m  [1m[34mSELECT "users".* FROM "users" WHERE "users"."session_token" = $1 LIMIT $2[0m  [["session_token", "[FILTERED]"], ["LIMIT", 1]]
  ↳ app/controllers/application_controller.rb:6:in `current_user'
  Rendered shared/_top_bar.html.erb (Duration: 18.4ms | Allocations: 4206)
  Rendered layout layouts/application.html.erb (Duration: 25.7ms | Allocations: 6068)
Completed 200 OK in 28ms (Views: 19.6ms | ActiveRecord: 7.5ms | Allocations: 6638)


Started POST "/session" for ::1 at 2022-11-18 12:01:37 -0800
Processing by SessionsController#create as HTML
  Parameters: {"authenticity_token"=>"[FILTERED]", "user"=>{"username"=>"momo", "password"=>"[FILTERED]"}}
  [1m[36mUser Load (0.3ms)[0m  [1m[34mSELECT "users".* FROM "users" WHERE "users"."username" = $1 LIMIT $2[0m  [["username", "momo"], ["LIMIT", 1]]
  ↳ app/models/user.rb:33:in `find_by_credentials'
  [1m[36mUser Exists? (0.5ms)[0m  [1m[34mSELECT 1 AS one FROM "users" WHERE "users"."session_token" = $1 LIMIT $2[0m  [["session_token", "[FILTERED]"], ["LIMIT", 1]]
  ↳ app/models/user.rb:60:in `generate_unique_session_token'
  [1m[36mTRANSACTION (0.4ms)[0m  [1m[35mBEGIN[0m
  ↳ app/models/user.rb:52:in `reset_session_token!'
  [1m[36mUser Exists? (0.9ms)[0m  [1m[34mSELECT 1 AS one FROM "users" WHERE "users"."username" = $1 AND "users"."id" != $2 LIMIT $3[0m  [["username", "momo"], ["id", 1], ["LIMIT", 1]]
  ↳ app/models/user.rb:52:in `reset_session_token!'
  [1m[36mUser Exists? (1.2ms)[0m  [1m[34mSELECT 1 AS one FROM "users" WHERE "users"."session_token" = $1 AND "users"."id" != $2 LIMIT $3[0m  [["session_token", "[FILTERED]"], ["id", 1], ["LIMIT", 1]]
  ↳ app/models/user.rb:52:in `reset_session_token!'
  [1m[36mUser Update (0.5ms)[0m  [1m[33mUPDATE "users" SET "session_token" = $1, "updated_at" = $2 WHERE "users"."id" = $3[0m  [["session_token", "[FILTERED]"], ["updated_at", "2022-11-18 20:01:38.163438"], ["id", 1]]
  ↳ app/models/user.rb:52:in `reset_session_token!'
  [1m[36mTRANSACTION (0.9ms)[0m  [1m[35mCOMMIT[0m
  ↳ app/models/user.rb:52:in `reset_session_token!'
Redirected to http://localhost:3001/users/1
Completed 302 Found in 294ms (ActiveRecord: 4.9ms | Allocations: 5652)


Started GET "/users/1" for ::1 at 2022-11-18 12:01:38 -0800
Processing by UsersController#show as HTML
  Parameters: {"id"=>"1"}
  [1m[36mUser Load (0.3ms)[0m  [1m[34mSELECT "users".* FROM "users" WHERE "users"."id" = $1 LIMIT $2[0m  [["id", 1], ["LIMIT", 1]]
  ↳ app/controllers/users_controller.rb:20:in `show'
  Rendering layout layouts/application.html.erb
  Rendering users/show.html.erb within layouts/application
  [1m[36mUser Load (0.6ms)[0m  [1m[34mSELECT "users".* FROM "users" WHERE "users"."session_token" = $1 LIMIT $2[0m  [["session_token", "[FILTERED]"], ["LIMIT", 1]]
  ↳ app/controllers/application_controller.rb:6:in `current_user'
  Rendered users/show.html.erb within layouts/application (Duration: 3.8ms | Allocations: 1215)
  Rendered shared/_top_bar.html.erb (Duration: 0.4ms | Allocations: 75)
  Rendered layout layouts/application.html.erb (Duration: 8.5ms | Allocations: 2489)
Completed 200 OK in 13ms (Views: 9.4ms | ActiveRecord: 0.9ms | Allocations: 4455)


Started DELETE "/session" for ::1 at 2022-11-18 12:01:58 -0800
Processing by SessionsController#destroy as HTML
  Parameters: {"authenticity_token"=>"[FILTERED]"}
  [1m[36mUser Load (0.3ms)[0m  [1m[34mSELECT "users".* FROM "users" WHERE "users"."session_token" = $1 LIMIT $2[0m  [["session_token", "[FILTERED]"], ["LIMIT", 1]]
  ↳ app/controllers/application_controller.rb:6:in `current_user'
  [1m[36mUser Exists? (1.8ms)[0m  [1m[34mSELECT 1 AS one FROM "users" WHERE "users"."session_token" = $1 LIMIT $2[0m  [["session_token", "[FILTERED]"], ["LIMIT", 1]]
  ↳ app/models/user.rb:60:in `generate_unique_session_token'
  [1m[36mTRANSACTION (1.3ms)[0m  [1m[35mBEGIN[0m
  ↳ app/models/user.rb:52:in `reset_session_token!'
  [1m[36mUser Exists? (3.1ms)[0m  [1m[34mSELECT 1 AS one FROM "users" WHERE "users"."username" = $1 AND "users"."id" != $2 LIMIT $3[0m  [["username", "momo"], ["id", 1], ["LIMIT", 1]]
  ↳ app/models/user.rb:52:in `reset_session_token!'
  [1m[36mUser Exists? (1.7ms)[0m  [1m[34mSELECT 1 AS one FROM "users" WHERE "users"."session_token" = $1 AND "users"."id" != $2 LIMIT $3[0m  [["session_token", "[FILTERED]"], ["id", 1], ["LIMIT", 1]]
  ↳ app/models/user.rb:52:in `reset_session_token!'
  [1m[36mUser Update (1.1ms)[0m  [1m[33mUPDATE "users" SET "session_token" = $1, "updated_at" = $2 WHERE "users"."id" = $3[0m  [["session_token", "[FILTERED]"], ["updated_at", "2022-11-18 20:01:59.022735"], ["id", 1]]
  ↳ app/models/user.rb:52:in `reset_session_token!'
  [1m[36mTRANSACTION (0.9ms)[0m  [1m[35mCOMMIT[0m
  ↳ app/models/user.rb:52:in `reset_session_token!'
Redirected to http://localhost:3001/session/new
Completed 302 Found in 25ms (ActiveRecord: 10.2ms | Allocations: 5209)


Started GET "/session/new" for ::1 at 2022-11-18 12:01:59 -0800
Processing by SessionsController#new as HTML
  Rendering layout layouts/application.html.erb
  Rendering sessions/new.html.erb within layouts/application
  Rendered shared/_form_token.html.erb (Duration: 1.0ms | Allocations: 473)
  Rendered sessions/new.html.erb within layouts/application (Duration: 1.6ms | Allocations: 569)
  [1m[36mUser Load (1.0ms)[0m  [1m[34mSELECT "users".* FROM "users" WHERE "users"."session_token" IS NULL LIMIT $1[0m  [["LIMIT", 1]]
  ↳ app/controllers/application_controller.rb:6:in `current_user'
  Rendered shared/_top_bar.html.erb (Duration: 5.4ms | Allocations: 754)
  Rendered layout layouts/application.html.erb (Duration: 11.1ms | Allocations: 2328)
Completed 200 OK in 12ms (Views: 10.9ms | ActiveRecord: 1.0ms | Allocations: 2552)


Started POST "/session" for ::1 at 2022-11-18 12:02:02 -0800
Processing by SessionsController#create as HTML
  Parameters: {"authenticity_token"=>"[FILTERED]", "user"=>{"username"=>"momo", "password"=>"[FILTERED]"}}
  [1m[36mUser Load (0.4ms)[0m  [1m[34mSELECT "users".* FROM "users" WHERE "users"."username" = $1 LIMIT $2[0m  [["username", "momo"], ["LIMIT", 1]]
  ↳ app/models/user.rb:33:in `find_by_credentials'
  [1m[36mUser Exists? (0.4ms)[0m  [1m[34mSELECT 1 AS one FROM "users" WHERE "users"."session_token" = $1 LIMIT $2[0m  [["session_token", "[FILTERED]"], ["LIMIT", 1]]
  ↳ app/models/user.rb:60:in `generate_unique_session_token'
  [1m[36mTRANSACTION (0.1ms)[0m  [1m[35mBEGIN[0m
  ↳ app/models/user.rb:52:in `reset_session_token!'
  [1m[36mUser Exists? (0.4ms)[0m  [1m[34mSELECT 1 AS one FROM "users" WHERE "users"."username" = $1 AND "users"."id" != $2 LIMIT $3[0m  [["username", "momo"], ["id", 1], ["LIMIT", 1]]
  ↳ app/models/user.rb:52:in `reset_session_token!'
  [1m[36mUser Exists? (0.5ms)[0m  [1m[34mSELECT 1 AS one FROM "users" WHERE "users"."session_token" = $1 AND "users"."id" != $2 LIMIT $3[0m  [["session_token", "[FILTERED]"], ["id", 1], ["LIMIT", 1]]
  ↳ app/models/user.rb:52:in `reset_session_token!'
  [1m[36mUser Update (0.6ms)[0m  [1m[33mUPDATE "users" SET "session_token" = $1, "updated_at" = $2 WHERE "users"."id" = $3[0m  [["session_token", "[FILTERED]"], ["updated_at", "2022-11-18 20:02:03.242669"], ["id", 1]]
  ↳ app/models/user.rb:52:in `reset_session_token!'
  [1m[36mTRANSACTION (1.0ms)[0m  [1m[35mCOMMIT[0m
  ↳ app/models/user.rb:52:in `reset_session_token!'
Redirected to http://localhost:3001/users/1
Completed 302 Found in 372ms (ActiveRecord: 3.5ms | Allocations: 5059)


Started GET "/users/1" for ::1 at 2022-11-18 12:02:03 -0800
Processing by UsersController#show as HTML
  Parameters: {"id"=>"1"}
  [1m[36mUser Load (1.0ms)[0m  [1m[34mSELECT "users".* FROM "users" WHERE "users"."id" = $1 LIMIT $2[0m  [["id", 1], ["LIMIT", 1]]
  ↳ app/controllers/users_controller.rb:20:in `show'
  Rendering layout layouts/application.html.erb
  Rendering users/show.html.erb within layouts/application
  [1m[36mUser Load (0.4ms)[0m  [1m[34mSELECT "users".* FROM "users" WHERE "users"."session_token" = $1 LIMIT $2[0m  [["session_token", "[FILTERED]"], ["LIMIT", 1]]
  ↳ app/controllers/application_controller.rb:6:in `current_user'
  Rendered users/show.html.erb within layouts/application (Duration: 3.2ms | Allocations: 1026)
  Rendered shared/_top_bar.html.erb (Duration: 0.6ms | Allocations: 65)
  Rendered layout layouts/application.html.erb (Duration: 7.4ms | Allocations: 2080)
Completed 200 OK in 11ms (Views: 7.6ms | ActiveRecord: 1.4ms | Allocations: 2798)


Started GET "/user/1" for ::1 at 2022-11-18 12:05:16 -0800
  
ActionController::RoutingError (No route matches [GET] "/user/1"):
  
Started POST "/__better_errors/c2b0ca8f4a879d59/variables" for ::1 at 2022-11-18 12:05:24 -0800
Started GET "/users/new" for ::1 at 2022-11-18 12:05:34 -0800
Processing by UsersController#new as HTML
  Rendering layout layouts/application.html.erb
  Rendering users/new.html.erb within layouts/application
  Rendered shared/_form_token.html.erb (Duration: 1.4ms | Allocations: 614)
  Rendered users/new.html.erb within layouts/application (Duration: 4.1ms | Allocations: 941)
  [1m[36mUser Load (0.2ms)[0m  [1m[34mSELECT "users".* FROM "users" WHERE "users"."session_token" = $1 LIMIT $2[0m  [["session_token", "[FILTERED]"], ["LIMIT", 1]]
  ↳ app/controllers/application_controller.rb:6:in `current_user'
  Rendered shared/_top_bar.html.erb (Duration: 2.7ms | Allocations: 891)
  Rendered layout layouts/application.html.erb (Duration: 11.3ms | Allocations: 3224)
Completed 200 OK in 15ms (Views: 13.3ms | ActiveRecord: 0.2ms | Allocations: 3928)


Started DELETE "/session" for ::1 at 2022-11-18 12:05:38 -0800
Processing by SessionsController#destroy as HTML
  Parameters: {"authenticity_token"=>"[FILTERED]"}
  [1m[36mUser Load (0.3ms)[0m  [1m[34mSELECT "users".* FROM "users" WHERE "users"."session_token" = $1 LIMIT $2[0m  [["session_token", "[FILTERED]"], ["LIMIT", 1]]
  ↳ app/controllers/application_controller.rb:6:in `current_user'
  [1m[36mUser Exists? (0.6ms)[0m  [1m[34mSELECT 1 AS one FROM "users" WHERE "users"."session_token" = $1 LIMIT $2[0m  [["session_token", "[FILTERED]"], ["LIMIT", 1]]
  ↳ app/models/user.rb:60:in `generate_unique_session_token'
  [1m[36mTRANSACTION (0.4ms)[0m  [1m[35mBEGIN[0m
  ↳ app/models/user.rb:52:in `reset_session_token!'
  [1m[36mUser Exists? (0.7ms)[0m  [1m[34mSELECT 1 AS one FROM "users" WHERE "users"."username" = $1 AND "users"."id" != $2 LIMIT $3[0m  [["username", "momo"], ["id", 1], ["LIMIT", 1]]
  ↳ app/models/user.rb:52:in `reset_session_token!'
  [1m[36mUser Exists? (0.6ms)[0m  [1m[34mSELECT 1 AS one FROM "users" WHERE "users"."session_token" = $1 AND "users"."id" != $2 LIMIT $3[0m  [["session_token", "[FILTERED]"], ["id", 1], ["LIMIT", 1]]
  ↳ app/models/user.rb:52:in `reset_session_token!'
  [1m[36mUser Update (0.7ms)[0m  [1m[33mUPDATE "users" SET "session_token" = $1, "updated_at" = $2 WHERE "users"."id" = $3[0m  [["session_token", "[FILTERED]"], ["updated_at", "2022-11-18 20:05:38.951681"], ["id", 1]]
  ↳ app/models/user.rb:52:in `reset_session_token!'
  [1m[36mTRANSACTION (0.7ms)[0m  [1m[35mCOMMIT[0m
  ↳ app/models/user.rb:52:in `reset_session_token!'
Redirected to http://localhost:3001/session/new
Completed 302 Found in 18ms (ActiveRecord: 4.0ms | Allocations: 5192)


Started GET "/session/new" for ::1 at 2022-11-18 12:05:38 -0800
Processing by SessionsController#new as HTML
  Rendering layout layouts/application.html.erb
  Rendering sessions/new.html.erb within layouts/application
  Rendered shared/_form_token.html.erb (Duration: 0.6ms | Allocations: 531)
  Rendered sessions/new.html.erb within layouts/application (Duration: 2.0ms | Allocations: 801)
  [1m[36mUser Load (0.4ms)[0m  [1m[34mSELECT "users".* FROM "users" WHERE "users"."session_token" IS NULL LIMIT $1[0m  [["LIMIT", 1]]
  ↳ app/controllers/application_controller.rb:6:in `current_user'
  Rendered shared/_top_bar.html.erb (Duration: 3.4ms | Allocations: 922)
  Rendered layout layouts/application.html.erb (Duration: 8.0ms | Allocations: 2897)
Completed 200 OK in 9ms (Views: 8.9ms | ActiveRecord: 0.4ms | Allocations: 3414)


  [1m[35m (0.1ms)[0m  [1m[34mSELECT pg_try_advisory_lock(688274183373989625)[0m
  [1m[36mActiveRecord::SchemaMigration Pluck (1.2ms)[0m  [1m[34mSELECT "schema_migrations"."version" FROM "schema_migrations" ORDER BY "schema_migrations"."version" ASC[0m
Migrating to CreatePostSubs (20221118200743)
  [1m[36mTRANSACTION (0.2ms)[0m  [1m[35mBEGIN[0m
  [1m[35m (9.9ms)[0m  [1m[35mCREATE TABLE "post_subs" ("id" bigserial primary key, "post_id" bigint NOT NULL, "sub_id" bigint NOT NULL, "created_at" timestamp(6) NOT NULL, "updated_at" timestamp(6) NOT NULL, CONSTRAINT "fk_rails_65b82c2354"
FOREIGN KEY ("post_id")
  REFERENCES "posts" ("id")
, CONSTRAINT "fk_rails_b90e08fbd0"
FOREIGN KEY ("sub_id")
  REFERENCES "subs" ("id")
)[0m
  [1m[35m (1.2ms)[0m  [1m[35mCREATE INDEX "index_post_subs_on_sub_id" ON "post_subs" ("sub_id")[0m
  [1m[35m (1.1ms)[0m  [1m[35mCREATE UNIQUE INDEX "index_post_subs_on_post_id_and_sub_id" ON "post_subs" ("post_id", "sub_id")[0m
  [1m[36mActiveRecord::SchemaMigration Create (0.5ms)[0m  [1m[32mINSERT INTO "schema_migrations" ("version") VALUES ($1) RETURNING "version"[0m  [["version", "20221118200743"]]
  [1m[36mTRANSACTION (2.2ms)[0m  [1m[35mCOMMIT[0m
  [1m[36mActiveRecord::InternalMetadata Load (0.5ms)[0m  [1m[34mSELECT "ar_internal_metadata".* FROM "ar_internal_metadata" WHERE "ar_internal_metadata"."key" = $1 LIMIT $2[0m  [["key", "environment"], ["LIMIT", 1]]
  [1m[35m (0.5ms)[0m  [1m[34mSELECT pg_advisory_unlock(688274183373989625)[0m
  [1m[36mActiveRecord::SchemaMigration Pluck (2.0ms)[0m  [1m[34mSELECT "schema_migrations"."version" FROM "schema_migrations" ORDER BY "schema_migrations"."version" ASC[0m
